#
# There is insufficient memory for the Java Runtime Environment to continue.
# Native memory allocation (malloc) failed to allocate 151136 bytes for Chunk::new
# Possible reasons:
#   The system is out of physical RAM or swap space
#   In 32 bit mode, the process size limit was hit
# Possible solutions:
#   Reduce memory load on the system
#   Increase physical memory or swap space
#   Check if swap backing store is full
#   Use 64 bit Java on a 64 bit OS
#   Decrease Java heap size (-Xmx/-Xms)
#   Decrease number of Java threads
#   Decrease Java thread stack sizes (-Xss)
#   Set larger code cache with -XX:ReservedCodeCacheSize=
# This output file may be truncated or incomplete.
#
#  Out of Memory Error (allocation.cpp:390), pid=3468, tid=0x000000000000129c
#
# JRE version: OpenJDK Runtime Environment (8.0_152-b01) (build 1.8.0_152-release-1248-b01)
# Java VM: OpenJDK 64-Bit Server VM (25.152-b01 mixed mode windows-amd64 compressed oops)
# Failed to write core dump. Minidumps are not enabled by default on client versions of Windows
#

---------------  T H R E A D  ---------------

Current thread (0x0000000016265000):  JavaThread "C2 CompilerThread1" daemon [_thread_in_native, id=4764, stack(0x00000000179a0000,0x0000000017aa0000)]

Stack: [0x00000000179a0000,0x0000000017aa0000]
[error occurred during error reporting (printing stack bounds), id 0xc0000005]

Native frames: (J=compiled Java code, j=interpreted, Vv=VM code, C=native code)


Current CompileTask:
C2:3508776 18591       4       com.android.build.gradle.internal.matcher.FileNameWithPrefixPathMatcher::matches (37 bytes)


---------------  P R O C E S S  ---------------

Java Threads: ( => current thread )
  0x000000001a3ef800 JavaThread "ForkJoinPool.commonPool-worker-1" daemon [_thread_in_native, id=3884, stack(0x000000002adb0000,0x000000002aeb0000)]
  0x000000001d369800 JavaThread "Cache worker for Java compile cache (C:\Users\Kamil Gorecki\Desktop\Semestr 6\Ubi\MoonCycle\.gradle\4.10.1\javaCompile)" [_thread_blocked, id=4372, stack(0x000000002acb0000,0x000000002adb0000)]
  0x000000001d366000 JavaThread "Cache worker for Java compile cache (C:\Users\Kamil Gorecki\.gradle\caches\4.10.1\javaCompile)" [_thread_blocked, id=8460, stack(0x000000002abb0000,0x000000002acb0000)]
  0x000000001d369000 JavaThread "RMI TCP Connection(1)-127.0.0.1" daemon [_thread_in_native, id=7740, stack(0x000000002aab0000,0x000000002abb0000)]
  0x000000001d368000 JavaThread "RMI Reaper" [_thread_blocked, id=2148, stack(0x000000002a9b0000,0x000000002aab0000)]
  0x000000001d366800 JavaThread "RMI TCP Accept-0" daemon [_thread_in_native, id=3836, stack(0x000000002a8b0000,0x000000002a9b0000)]
  0x000000001d365000 JavaThread "GC Daemon" daemon [_thread_blocked, id=11792, stack(0x000000002a7b0000,0x000000002a8b0000)]
  0x000000001d364800 JavaThread "RMI Scheduler(0)" daemon [_thread_blocked, id=8632, stack(0x000000002a5b0000,0x000000002a6b0000)]
  0x000000001d361800 JavaThread "stdout" daemon [_thread_blocked, id=12476, stack(0x0000000029fb0000,0x000000002a0b0000)]
  0x000000001d360800 JavaThread "stderr" daemon [_thread_blocked, id=8704, stack(0x0000000029eb0000,0x0000000029fb0000)]
  0x000000001d360000 JavaThread "MarlinRenderer Disposer" daemon [_thread_blocked, id=7344, stack(0x0000000029cb0000,0x0000000029db0000)]
  0x000000001d35c000 JavaThread "Java2D Disposer" daemon [_thread_blocked, id=8196, stack(0x0000000029bb0000,0x0000000029cb0000)]
  0x000000001a3ee000 JavaThread "Cache worker for Build Output Cleanup Cache (C:\Users\Kamil Gorecki\Desktop\Semestr 6\Ubi\MoonCycle\.gradle\buildOutputCleanup)" [_thread_blocked, id=7260, stack(0x00000000295b0000,0x00000000296b0000)]
  0x0000000019f39800 JavaThread "pool-6-thread-1" [_thread_blocked, id=5440, stack(0x0000000028fb0000,0x00000000290b0000)]
  0x0000000019f3c800 JavaThread "Build operations Thread 4" [_thread_blocked, id=4748, stack(0x0000000028eb0000,0x0000000028fb0000)]
  0x0000000019f3b800 JavaThread "Build operations Thread 3" [_thread_blocked, id=13252, stack(0x0000000028db0000,0x0000000028eb0000)]
  0x0000000019f3d000 JavaThread "Build operations Thread 2" [_thread_blocked, id=7316, stack(0x0000000028cb0000,0x0000000028db0000)]
  0x0000000019f32000 JavaThread "Build operations" [_thread_blocked, id=7868, stack(0x0000000028bb0000,0x0000000028cb0000)]
  0x0000000019f38800 JavaThread "Cache worker for cache directory md-rule (C:\Users\Kamil Gorecki\.gradle\caches\4.10.1\md-rule)" [_thread_blocked, id=9828, stack(0x0000000028ab0000,0x0000000028bb0000)]
  0x0000000019f31000 JavaThread "Cache worker for cache directory md-supplier (C:\Users\Kamil Gorecki\.gradle\caches\4.10.1\md-supplier)" [_thread_blocked, id=7144, stack(0x00000000289b0000,0x0000000028ab0000)]
  0x0000000019f38000 JavaThread "Cache worker for file hash cache (C:\Users\Kamil Gorecki\Desktop\Semestr 6\Ubi\MoonCycle\.gradle\4.10.1\fileHashes)" [_thread_blocked, id=12624, stack(0x00000000288b0000,0x00000000289b0000)]
  0x0000000019f34000 JavaThread "Stdin handler" [_thread_blocked, id=2860, stack(0x00000000287b0000,0x00000000288b0000)]
  0x00000000193a5800 JavaThread "Asynchronous log dispatcher for DefaultDaemonConnection: socket connection from /127.0.0.1:54520 to /127.0.0.1:55485" [_thread_blocked, id=3488, stack(0x00000000286b0000,0x00000000287b0000)]
  0x00000000193a1800 JavaThread "Cancel handler" [_thread_blocked, id=4040, stack(0x00000000285b0000,0x00000000286b0000)]
  0x00000000193a1000 JavaThread "Handler for socket connection from /127.0.0.1:54520 to /127.0.0.1:55485" [_thread_in_native, id=12332, stack(0x00000000284b0000,0x00000000285b0000)]
  0x0000000019f3b000 JavaThread "Cache worker for file content cache (C:\Users\Kamil Gorecki\.gradle\caches\4.10.1\fileContent)" [_thread_blocked, id=3688, stack(0x00000000279b0000,0x0000000027ab0000)]
  0x000000001a3ec800 JavaThread "Daemon worker Thread 2" [_thread_in_native, id=7284, stack(0x0000000026eb0000,0x0000000026fb0000)]
  0x000000001a3e8000 JavaThread "Daemon Thread 2" [_thread_blocked, id=8204, stack(0x0000000026bb0000,0x0000000026cb0000)]
  0x000000001a3ed800 JavaThread "Memory manager" [_thread_blocked, id=12940, stack(0x0000000023930000,0x0000000023a30000)]
  0x000000001939f800 JavaThread "Cache worker for Artifact transforms cache (C:\Users\Kamil Gorecki\.gradle\caches\transforms-1)" [_thread_blocked, id=10520, stack(0x000000001fcc0000,0x000000001fdc0000)]
  0x000000001939e800 JavaThread "Cache worker for journal cache (C:\Users\Kamil Gorecki\.gradle\caches\journal-1)" [_thread_blocked, id=7592, stack(0x000000001ce90000,0x000000001cf90000)]
  0x0000000019464000 JavaThread "File lock request listener" [_thread_in_native, id=7012, stack(0x000000001bcc0000,0x000000001bdc0000)]
  0x0000000019822800 JavaThread "Cache worker for file hash cache (C:\Users\Kamil Gorecki\.gradle\caches\4.10.1\fileHashes)" [_thread_blocked, id=10044, stack(0x000000001bbc0000,0x000000001bcc0000)]
  0x0000000018c02800 JavaThread "Daemon periodic checks" [_thread_blocked, id=564, stack(0x000000001b0c0000,0x000000001b1c0000)]
  0x00000000191c5800 JavaThread "Incoming local TCP Connector on port 54520" [_thread_in_native, id=2912, stack(0x000000001ae80000,0x000000001af80000)]
  0x0000000017bd0800 JavaThread "Service Thread" daemon [_thread_blocked, id=12688, stack(0x0000000017fa0000,0x00000000180a0000)]
  0x0000000016266000 JavaThread "C1 CompilerThread2" daemon [_thread_blocked, id=1128, stack(0x0000000017aa0000,0x0000000017ba0000)]
=>0x0000000016265000 JavaThread "C2 CompilerThread1" daemon [_thread_in_native, id=4764, stack(0x00000000179a0000,0x0000000017aa0000)]
  0x000000001625f000 JavaThread "C2 CompilerThread0" daemon [_thread_in_native, id=10424, stack(0x00000000178a0000,0x00000000179a0000)]
  0x000000001625e000 JavaThread "Attach Listener" daemon [_thread_blocked, id=10076, stack(0x00000000177a0000,0x00000000178a0000)]
  0x000000001625c800 JavaThread "Signal Dispatcher" daemon [_thread_blocked, id=5340, stack(0x00000000176a0000,0x00000000177a0000)]
  0x00000000028ea000 JavaThread "Finalizer" daemon [_thread_blocked, id=6012, stack(0x00000000174b0000,0x00000000175b0000)]
  0x00000000028e1000 JavaThread "Reference Handler" daemon [_thread_blocked, id=7972, stack(0x00000000173b0000,0x00000000174b0000)]
  0x00000000027f2800 JavaThread "main" [_thread_blocked, id=11344, stack(0x0000000002660000,0x0000000002760000)]

Other Threads:
  0x0000000016226000 VMThread [stack: 0x00000000172b0000,0x00000000173b0000] [id=5208]
  0x00000000162be000 WatcherThread [stack: 0x00000000180a0000,0x00000000181a0000] [id=2940]

VM state:not at safepoint (normal execution)

VM Mutex/Monitor currently owned by a thread: None

Heap:
 PSYoungGen      total 309248K, used 7301K [0x00000000e0000000, 0x00000000f6800000, 0x0000000100000000)
  eden space 252928K, 1% used [0x00000000e0000000,0x00000000e04aa428,0x00000000ef700000)
  from space 56320K, 4% used [0x00000000ef700000,0x00000000ef977188,0x00000000f2e00000)
  to   space 55808K, 0% used [0x00000000f2e00000,0x00000000f2e00000,0x00000000f6480000)
 ParOldGen       total 190976K, used 53870K [0x00000000a0000000, 0x00000000aba80000, 0x00000000e0000000)
  object space 190976K, 28% used [0x00000000a0000000,0x00000000a349bbe8,0x00000000aba80000)
 Metaspace       used 95620K, capacity 98528K, committed 100312K, reserved 1136640K
  class space    used 12021K, capacity 12690K, committed 13016K, reserved 1048576K

Card table byte_map: [0x0000000011cb0000,0x0000000011fc0000] byte_map_base: 0x00000000117b0000

Marking Bits: (ParMarkBitMap*) 0x0000000060f35aa0
 Begin Bits: [0x00000000125c0000, 0x0000000013dc0000)
 End Bits:   [0x0000000013dc0000, 0x00000000155c0000)

Polling page: 0x00000000005f0000

CodeCache: size=245760Kb used=51387Kb max_used=51846Kb free=194372Kb
 bounds [0x00000000028f0000, 0x0000000005be0000, 0x00000000118f0000]
 total_blobs=16024 nmethods=14992 adapters=943
 compilation: enabled

Compilation events (10 events):
Event: 3507.842 Thread 0x000000001625f000 18583       4       java.util.Collections$2::characteristics (33 bytes)
Event: 3507.842 Thread 0x0000000016265000 nmethod 18592 0x00000000052e9210 code [0x00000000052e9360, 0x00000000052e94b8]
Event: 3507.842 Thread 0x0000000016265000 18585       4       java.util.Spliterators$IteratorSpliterator::<init> (39 bytes)
Event: 3507.842 Thread 0x000000001625f000 nmethod 18583 0x0000000003c5e9d0 code [0x0000000003c5eb00, 0x0000000003c5eb78]
Event: 3507.842 Thread 0x000000001625f000 18590       4       java.util.Spliterators$IteratorSpliterator::estimateSize (41 bytes)
Event: 3507.842 Thread 0x0000000016266000 nmethod 18601 0x00000000052e4e90 code [0x00000000052e5140, 0x00000000052e65b8]
Event: 3507.842 Thread 0x0000000016265000 nmethod 18585 0x00000000057e03d0 code [0x00000000057e0500, 0x00000000057e05b8]
Event: 3507.842 Thread 0x0000000016265000 18591       4       com.android.build.gradle.internal.matcher.FileNameWithPrefixPathMatcher::matches (37 bytes)
Event: 3507.845 Thread 0x0000000016266000 18603       3       java.util.Spliterators::spliterator (16 bytes)
Event: 3507.845 Thread 0x0000000016266000 nmethod 18603 0x00000000052e4790 code [0x00000000052e4920, 0x00000000052e4cb8]

GC Heap History (10 events):
Event: 3498.376 GC heap before
{Heap before GC invocations=26 (full 3):
 PSYoungGen      total 269824K, used 269431K [0x00000000e0000000, 0x00000000f4c80000, 0x0000000100000000)
  eden space 234496K, 100% used [0x00000000e0000000,0x00000000ee500000,0x00000000ee500000)
  from space 35328K, 98% used [0x00000000f2a00000,0x00000000f4c1de30,0x00000000f4c80000)
  to   space 50176K, 0% used [0x00000000eea80000,0x00000000eea80000,0x00000000f1b80000)
 ParOldGen       total 190976K, used 75472K [0x00000000a0000000, 0x00000000aba80000, 0x00000000e0000000)
  object space 190976K, 39% used [0x00000000a0000000,0x00000000a49b41f0,0x00000000aba80000)
 Metaspace       used 89381K, capacity 92742K, committed 92888K, reserved 1130496K
  class space    used 11368K, capacity 12179K, committed 12248K, reserved 1048576K
Event: 3498.406 GC heap after
Heap after GC invocations=26 (full 3):
 PSYoungGen      total 260608K, used 33270K [0x00000000e0000000, 0x00000000f4300000, 0x0000000100000000)
  eden space 227328K, 0% used [0x00000000e0000000,0x00000000e0000000,0x00000000ede00000)
  from space 33280K, 99% used [0x00000000eea80000,0x00000000f0afd868,0x00000000f0b00000)
  to   space 51712K, 0% used [0x00000000f1080000,0x00000000f1080000,0x00000000f4300000)
 ParOldGen       total 190976K, used 75480K [0x00000000a0000000, 0x00000000aba80000, 0x00000000e0000000)
  object space 190976K, 39% used [0x00000000a0000000,0x00000000a49b61f0,0x00000000aba80000)
 Metaspace       used 89381K, capacity 92742K, committed 92888K, reserved 1130496K
  class space    used 11368K, capacity 12179K, committed 12248K, reserved 1048576K
}
Event: 3498.966 GC heap before
{Heap before GC invocations=27 (full 3):
 PSYoungGen      total 260608K, used 260598K [0x00000000e0000000, 0x00000000f4300000, 0x0000000100000000)
  eden space 227328K, 100% used [0x00000000e0000000,0x00000000ede00000,0x00000000ede00000)
  from space 33280K, 99% used [0x00000000eea80000,0x00000000f0afd868,0x00000000f0b00000)
  to   space 51712K, 0% used [0x00000000f1080000,0x00000000f1080000,0x00000000f4300000)
 ParOldGen       total 190976K, used 75480K [0x00000000a0000000, 0x00000000aba80000, 0x00000000e0000000)
  object space 190976K, 39% used [0x00000000a0000000,0x00000000a49b61f0,0x00000000aba80000)
 Metaspace       used 89414K, capacity 92806K, committed 92888K, reserved 1130496K
  class space    used 11370K, capacity 12179K, committed 12248K, reserved 1048576K
Event: 3498.986 GC heap after
Heap after GC invocations=27 (full 3):
 PSYoungGen      total 266752K, used 30780K [0x00000000e0000000, 0x00000000f3d80000, 0x0000000100000000)
  eden space 220672K, 0% used [0x00000000e0000000,0x00000000e0000000,0x00000000ed780000)
  from space 46080K, 66% used [0x00000000f1080000,0x00000000f2e8f0a8,0x00000000f3d80000)
  to   space 52224K, 0% used [0x00000000ed780000,0x00000000ed780000,0x00000000f0a80000)
 ParOldGen       total 190976K, used 75480K [0x00000000a0000000, 0x00000000aba80000, 0x00000000e0000000)
  object space 190976K, 39% used [0x00000000a0000000,0x00000000a49b61f0,0x00000000aba80000)
 Metaspace       used 89414K, capacity 92806K, committed 92888K, reserved 1130496K
  class space    used 11370K, capacity 12179K, committed 12248K, reserved 1048576K
}
Event: 3502.380 GC heap before
{Heap before GC invocations=28 (full 3):
 PSYoungGen      total 266752K, used 235078K [0x00000000e0000000, 0x00000000f3d80000, 0x0000000100000000)
  eden space 220672K, 92% used [0x00000000e0000000,0x00000000ec782b48,0x00000000ed780000)
  from space 46080K, 66% used [0x00000000f1080000,0x00000000f2e8f0a8,0x00000000f3d80000)
  to   space 52224K, 0% used [0x00000000ed780000,0x00000000ed780000,0x00000000f0a80000)
 ParOldGen       total 190976K, used 75480K [0x00000000a0000000, 0x00000000aba80000, 0x00000000e0000000)
  object space 190976K, 39% used [0x00000000a0000000,0x00000000a49b61f0,0x00000000aba80000)
 Metaspace       used 94908K, capacity 98374K, committed 98496K, reserved 1134592K
  class space    used 11992K, capacity 12819K, committed 12888K, reserved 1048576K
Event: 3502.415 GC heap after
Heap after GC invocations=28 (full 3):
 PSYoungGen      total 272896K, used 39115K [0x00000000e0000000, 0x00000000f6480000, 0x0000000100000000)
  eden space 220672K, 0% used [0x00000000e0000000,0x00000000e0000000,0x00000000ed780000)
  from space 52224K, 74% used [0x00000000ed780000,0x00000000efdb2e70,0x00000000f0a80000)
  to   space 55808K, 0% used [0x00000000f2e00000,0x00000000f2e00000,0x00000000f6480000)
 ParOldGen       total 190976K, used 75488K [0x00000000a0000000, 0x00000000aba80000, 0x00000000e0000000)
  object space 190976K, 39% used [0x00000000a0000000,0x00000000a49b81f0,0x00000000aba80000)
 Metaspace       used 94908K, capacity 98374K, committed 98496K, reserved 1134592K
  class space    used 11992K, capacity 12819K, committed 12888K, reserved 1048576K
}
Event: 3502.415 GC heap before
{Heap before GC invocations=29 (full 4):
 PSYoungGen      total 272896K, used 39115K [0x00000000e0000000, 0x00000000f6480000, 0x0000000100000000)
  eden space 220672K, 0% used [0x00000000e0000000,0x00000000e0000000,0x00000000ed780000)
  from space 52224K, 74% used [0x00000000ed780000,0x00000000efdb2e70,0x00000000f0a80000)
  to   space 55808K, 0% used [0x00000000f2e00000,0x00000000f2e00000,0x00000000f6480000)
 ParOldGen       total 190976K, used 75488K [0x00000000a0000000, 0x00000000aba80000, 0x00000000e0000000)
  object space 190976K, 39% used [0x00000000a0000000,0x00000000a49b81f0,0x00000000aba80000)
 Metaspace       used 94908K, capacity 98374K, committed 98496K, reserved 1134592K
  class space    used 11992K, capacity 12819K, committed 12888K, reserved 1048576K
Event: 3502.616 GC heap after
Heap after GC invocations=29 (full 4):
 PSYoungGen      total 272896K, used 0K [0x00000000e0000000, 0x00000000f6480000, 0x0000000100000000)
  eden space 220672K, 0% used [0x00000000e0000000,0x00000000e0000000,0x00000000ed780000)
  from space 52224K, 0% used [0x00000000ed780000,0x00000000ed780000,0x00000000f0a80000)
  to   space 55808K, 0% used [0x00000000f2e00000,0x00000000f2e00000,0x00000000f6480000)
 ParOldGen       total 190976K, used 53854K [0x00000000a0000000, 0x00000000aba80000, 0x00000000e0000000)
  object space 190976K, 28% used [0x00000000a0000000,0x00000000a3497be8,0x00000000aba80000)
 Metaspace       used 93519K, capacity 96058K, committed 98496K, reserved 1134592K
  class space    used 11726K, capacity 12341K, committed 12888K, reserved 1048576K
}
Event: 3503.325 GC heap before
{Heap before GC invocations=30 (full 4):
 PSYoungGen      total 272896K, used 220584K [0x00000000e0000000, 0x00000000f6480000, 0x0000000100000000)
  eden space 220672K, 99% used [0x00000000e0000000,0x00000000ed76a2f0,0x00000000ed780000)
  from space 52224K, 0% used [0x00000000ed780000,0x00000000ed780000,0x00000000f0a80000)
  to   space 55808K, 0% used [0x00000000f2e00000,0x00000000f2e00000,0x00000000f6480000)
 ParOldGen       total 190976K, used 53854K [0x00000000a0000000, 0x00000000aba80000, 0x00000000e0000000)
  object space 190976K, 28% used [0x00000000a0000000,0x00000000a3497be8,0x00000000aba80000)
 Metaspace       used 94775K, capacity 97448K, committed 99544K, reserved 1136640K
  class space    used 11905K, capacity 12522K, committed 13016K, reserved 1048576K
Event: 3503.330 GC heap after
Heap after GC invocations=30 (full 4):
 PSYoungGen      total 308736K, used 2279K [0x00000000e0000000, 0x00000000f6800000, 0x0000000100000000)
  eden space 252928K, 0% used [0x00000000e0000000,0x00000000e0000000,0x00000000ef700000)
  from space 55808K, 4% used [0x00000000f2e00000,0x00000000f3039e98,0x00000000f6480000)
  to   space 56320K, 0% used [0x00000000ef700000,0x00000000ef700000,0x00000000f2e00000)
 ParOldGen       total 190976K, used 53862K [0x00000000a0000000, 0x00000000aba80000, 0x00000000e0000000)
  object space 190976K, 28% used [0x00000000a0000000,0x00000000a3499be8,0x00000000aba80000)
 Metaspace       used 94775K, capacity 97448K, committed 99544K, reserved 1136640K
  class space    used 11905K, capacity 12522K, committed 13016K, reserved 1048576K
}

Deoptimization events (10 events):
Event: 3504.318 Thread 0x000000001a3e6000 Uncommon trap: reason=unstable_if action=reinterpret pc=0x00000000039cd520 method=java.util.regex.Pattern$LastNode.match(Ljava/util/regex/Matcher;ILjava/lang/CharSequence;)Z @ 13
Event: 3504.318 Thread 0x000000001a3e6000 Uncommon trap: reason=unstable_if action=reinterpret pc=0x000000000420816c method=java.util.regex.Pattern.newSlice([IIZ)Ljava/util/regex/Pattern$Node; @ 10
Event: 3504.318 Thread 0x000000001a3e6000 Uncommon trap: reason=unstable_if action=reinterpret pc=0x0000000003e74708 method=java.util.regex.Pattern.newSlice([IIZ)Ljava/util/regex/Pattern$Node; @ 10
Event: 3504.338 Thread 0x000000001a3e6000 Uncommon trap: reason=class_check action=maybe_recompile pc=0x0000000005bb2f28 method=com.android.tools.build.apkzlib.zip.ZipField.checkVerifiesInvariants(J)V @ 25
Event: 3504.340 Thread 0x000000001a3e6000 Uncommon trap: reason=class_check action=maybe_recompile pc=0x0000000005baad8c method=com.android.tools.build.apkzlib.zip.ZipField.checkVerifiesInvariants(J)V @ 25
Event: 3507.423 Thread 0x000000001a3e6000 Uncommon trap: reason=class_check action=maybe_recompile pc=0x00000000055ec03c method=com.google.gson.stream.JsonWriter.beforeValue()V @ 92
Event: 3507.423 Thread 0x000000001a3e6000 Uncommon trap: reason=class_check action=maybe_recompile pc=0x00000000055ec03c method=com.google.gson.stream.JsonWriter.beforeValue()V @ 92
Event: 3507.704 Thread 0x000000001a3e6000 Uncommon trap: reason=unstable_if action=reinterpret pc=0x0000000002b197bc method=java.lang.String.indexOf([CII[CIII)I @ 27
Event: 3507.704 Thread 0x000000001a3e6000 Uncommon trap: reason=unstable_if action=reinterpret pc=0x00000000052db0ec method=sun.nio.fs.WindowsPath.getFileName()Ljava/nio/file/Path; @ 45
Event: 3507.706 Thread 0x000000001a3e6000 Uncommon trap: reason=unstable_if action=reinterpret pc=0x00000000032b4ae4 method=com.android.builder.files.RelativeFile.equals(Ljava/lang/Object;)Z @ 39

Classes redefined (0 events):
No events

Internal exceptions (10 events):
Event: 3503.292 Thread 0x000000001a3ef800 Implicit null exception at 0x0000000003f04383 to 0x0000000003f048d9
Event: 3503.292 Thread 0x000000001a3ef800 Implicit null exception at 0x00000000048776c0 to 0x000000000487e869
Event: 3503.384 Thread 0x000000001a3e6000 Implicit null exception at 0x0000000003292254 to 0x0000000003299429
Event: 3503.409 Thread 0x000000001a3e6000 Exception <a 'sun/nio/fs/WindowsException'> (0x00000000e3743358) thrown at [D:\src\AOSP-openjdk-cygwin\jdk8u\hotspot\src\share\vm\prims\jni.cpp, line 709]
Event: 3504.199 Thread 0x000000001a3e6000 Exception <a 'java/lang/NoSuchMethodError': <clinit>> (0x00000000e4308d50) thrown at [D:\src\AOSP-openjdk-cygwin\jdk8u\hotspot\src\share\vm\prims\jni.cpp, line 1613]
Event: 3504.300 Thread 0x000000001a3e6000 Exception <a 'sun/nio/fs/WindowsException'> (0x00000000e446f408) thrown at [D:\src\AOSP-openjdk-cygwin\jdk8u\hotspot\src\share\vm\prims\jni.cpp, line 709]
Event: 3504.320 Thread 0x000000001a3e6000 Exception <a 'java/lang/NoSuchMethodError': java.lang.Object.lambda$asRunnable$0(Lcom/android/tools/build/apkzlib/utils/IOExceptionRunnable;)V> (0x00000000e46f6958) thrown at [D:\src\AOSP-openjdk-cygwin\jdk8u\hotspot\src\share\vm\interpreter\linkResolver.
Event: 3504.330 Thread 0x000000001a3e6000 Exception <a 'java/lang/NoSuchMethodError': java.lang.Object.lambda$and$0(Ljava/util/function/Predicate;Ljava/lang/Object;)Z> (0x00000000e4746e48) thrown at [D:\src\AOSP-openjdk-cygwin\jdk8u\hotspot\src\share\vm\interpreter\linkResolver.cpp, line 584]
Event: 3504.573 Thread 0x000000001a3e6000 Exception <a 'java/lang/NoSuchMethodError': <clinit>> (0x00000000e7439618) thrown at [D:\src\AOSP-openjdk-cygwin\jdk8u\hotspot\src\share\vm\prims\jni.cpp, line 1613]
Event: 3507.474 Thread 0x000000001a3e6000 Exception <a 'sun/nio/fs/WindowsException'> (0x00000000e7913068) thrown at [D:\src\AOSP-openjdk-cygwin\jdk8u\hotspot\src\share\vm\prims\jni.cpp, line 709]

Events (10 events):
Event: 3507.829 loading class com/google/common/collect/ImmutableList$Builder
Event: 3507.829 loading class com/google/common/collect/ImmutableList$Builder done
Event: 3507.829 loading class com/google/common/collect/ImmutableList$Builder
Event: 3507.829 loading class com/google/common/collect/ImmutableList$Builder done
Event: 3507.830 loading class com/google/common/collect/ImmutableList
Event: 3507.830 loading class com/google/common/collect/ImmutableList done
Event: 3507.830 loading class com/google/common/collect/ImmutableList$Builder
Event: 3507.830 loading class com/google/common/collect/ImmutableList$Builder done
Event: 3507.832 Executing VM operation: ForceSafepoint
Event: 3507.832 Executing VM operation: ForceSafepoint done


Dynamic libraries:
0x00007ff633590000 - 0x00007ff6335c1000 	G:\Android\Android Studio\jre\bin\java.exe
0x00007ffe4c2c0000 - 0x00007ffe4c4a1000 	C:\WINDOWS\SYSTEM32\ntdll.dll
0x00007ffe4ba20000 - 0x00007ffe4bad2000 	C:\WINDOWS\System32\KERNEL32.DLL
0x00007ffe48dc0000 - 0x00007ffe49033000 	C:\WINDOWS\System32\KERNELBASE.dll
0x00007ffe4b1c0000 - 0x00007ffe4b261000 	C:\WINDOWS\System32\ADVAPI32.dll
0x00007ffe49750000 - 0x00007ffe497ee000 	C:\WINDOWS\System32\msvcrt.dll
0x00007ffe49b20000 - 0x00007ffe49b7b000 	C:\WINDOWS\System32\sechost.dll
0x00007ffe4b750000 - 0x00007ffe4b874000 	C:\WINDOWS\System32\RPCRT4.dll
0x00007ffe4bae0000 - 0x00007ffe4bc70000 	C:\WINDOWS\System32\USER32.dll
0x00007ffe48da0000 - 0x00007ffe48dc0000 	C:\WINDOWS\System32\win32u.dll
0x00007ffe49b80000 - 0x00007ffe49ba8000 	C:\WINDOWS\System32\GDI32.dll
0x00007ffe48c00000 - 0x00007ffe48d92000 	C:\WINDOWS\System32\gdi32full.dll
0x00007ffe48b60000 - 0x00007ffe48bff000 	C:\WINDOWS\System32\msvcp_win.dll
0x00007ffe48690000 - 0x00007ffe48788000 	C:\WINDOWS\System32\ucrtbase.dll
0x00007ffe3d4f0000 - 0x00007ffe3d759000 	C:\WINDOWS\WinSxS\amd64_microsoft.windows.common-controls_6595b64144ccf1df_6.0.17134.648_none_fb45a0e93062a6d2\COMCTL32.dll
0x00007ffe497f0000 - 0x00007ffe49b12000 	C:\WINDOWS\System32\combase.dll
0x00007ffe48790000 - 0x00007ffe4880a000 	C:\WINDOWS\System32\bcryptPrimitives.dll
0x00007ffe4b280000 - 0x00007ffe4b2ad000 	C:\WINDOWS\System32\IMM32.DLL
0x0000000060690000 - 0x0000000060762000 	G:\Android\Android Studio\jre\jre\bin\msvcr100.dll
0x0000000060770000 - 0x0000000060fb1000 	G:\Android\Android Studio\jre\jre\bin\server\jvm.dll
0x00007ffe4b270000 - 0x00007ffe4b278000 	C:\WINDOWS\System32\PSAPI.DLL
0x00007ffe371b0000 - 0x00007ffe371b9000 	C:\WINDOWS\SYSTEM32\WSOCK32.dll
0x00007ffe43b30000 - 0x00007ffe43b3a000 	C:\WINDOWS\SYSTEM32\VERSION.dll
0x00007ffe45070000 - 0x00007ffe45093000 	C:\WINDOWS\SYSTEM32\WINMM.dll
0x00007ffe4b5d0000 - 0x00007ffe4b63c000 	C:\WINDOWS\System32\WS2_32.dll
0x00007ffe45040000 - 0x00007ffe4506a000 	C:\WINDOWS\SYSTEM32\winmmbase.dll
0x00007ffe488c0000 - 0x00007ffe48909000 	C:\WINDOWS\System32\cfgmgr32.dll
0x00007ffe411a0000 - 0x00007ffe411af000 	G:\Android\Android Studio\jre\jre\bin\verify.dll
0x00007ffe3fcf0000 - 0x00007ffe3fd19000 	G:\Android\Android Studio\jre\jre\bin\java.dll
0x00007ffe3d1c0000 - 0x00007ffe3d1d6000 	G:\Android\Android Studio\jre\jre\bin\zip.dll
0x00007ffe49c20000 - 0x00007ffe4b060000 	C:\WINDOWS\System32\SHELL32.dll
0x00007ffe4b640000 - 0x00007ffe4b6e9000 	C:\WINDOWS\System32\shcore.dll
0x00007ffe49040000 - 0x00007ffe4974d000 	C:\WINDOWS\System32\windows.storage.dll
0x00007ffe49bb0000 - 0x00007ffe49c01000 	C:\WINDOWS\System32\shlwapi.dll
0x00007ffe48650000 - 0x00007ffe48661000 	C:\WINDOWS\System32\kernel.appcore.dll
0x00007ffe48670000 - 0x00007ffe4868f000 	C:\WINDOWS\System32\profapi.dll
0x00007ffe48600000 - 0x00007ffe4864c000 	C:\WINDOWS\System32\powrprof.dll
0x00007ffe485d0000 - 0x00007ffe485da000 	C:\WINDOWS\System32\FLTLIB.DLL
0x00007ffe3d1a0000 - 0x00007ffe3d1ba000 	G:\Android\Android Studio\jre\jre\bin\net.dll
0x00007ffe47e50000 - 0x00007ffe47eb6000 	C:\WINDOWS\system32\mswsock.dll
0x00007ffe3d180000 - 0x00007ffe3d191000 	G:\Android\Android Studio\jre\jre\bin\nio.dll
0x00007ffe44f70000 - 0x00007ffe44f8e000 	C:\Users\Kamil Gorecki\.gradle\native\25\windows-amd64\native-platform.dll
0x00007ffe40400000 - 0x00007ffe4040d000 	G:\Android\Android Studio\jre\jre\bin\management.dll
0x00007ffe48010000 - 0x00007ffe48027000 	C:\WINDOWS\SYSTEM32\CRYPTSP.dll
0x00007ffe47a30000 - 0x00007ffe47a63000 	C:\WINDOWS\system32\rsaenh.dll
0x00007ffe48130000 - 0x00007ffe48155000 	C:\WINDOWS\SYSTEM32\bcrypt.dll
0x00007ffe484d0000 - 0x00007ffe484f8000 	C:\WINDOWS\SYSTEM32\USERENV.dll
0x00007ffe48000000 - 0x00007ffe4800b000 	C:\WINDOWS\SYSTEM32\CRYPTBASE.dll
0x00007ffe47bd0000 - 0x00007ffe47c08000 	C:\WINDOWS\SYSTEM32\IPHLPAPI.DLL
0x00007ffe4b540000 - 0x00007ffe4b548000 	C:\WINDOWS\System32\NSI.dll
0x00007ffe42160000 - 0x00007ffe42176000 	C:\WINDOWS\SYSTEM32\dhcpcsvc6.DLL
0x00007ffe42090000 - 0x00007ffe420aa000 	C:\WINDOWS\SYSTEM32\dhcpcsvc.DLL
0x00007ffe25c40000 - 0x00007ffe25c64000 	G:\Android\Android Studio\jre\jre\bin\sunec.dll
0x00007ffe47c10000 - 0x00007ffe47cce000 	C:\WINDOWS\SYSTEM32\DNSAPI.dll
0x00007ffe3bfb0000 - 0x00007ffe3bfba000 	C:\Windows\System32\rasadhlp.dll
0x00007ffe41900000 - 0x00007ffe41972000 	C:\WINDOWS\System32\fwpuclnt.dll
0x00007ffe3fd90000 - 0x00007ffe3fd9b000 	G:\Android\Android Studio\jre\jre\bin\sunmscapi.dll
0x00007ffe48910000 - 0x00007ffe48af2000 	C:\WINDOWS\System32\CRYPT32.dll
0x00007ffe485e0000 - 0x00007ffe485f2000 	C:\WINDOWS\System32\MSASN1.dll
0x00007ffe089d0000 - 0x00007ffe08b67000 	G:\Android\Android Studio\jre\jre\bin\awt.dll
0x00007ffe4c1c0000 - 0x00007ffe4c283000 	C:\WINDOWS\System32\OLEAUT32.dll
0x00007ffe458b0000 - 0x00007ffe45e77000 	C:\WINDOWS\SYSTEM32\d2d1.dll
0x00007ffe46620000 - 0x00007ffe466ab000 	C:\WINDOWS\SYSTEM32\apphelp.dll
0x00007ffe46960000 - 0x00007ffe46989000 	C:\WINDOWS\system32\DWMAPI.DLL
0x00007ffe46710000 - 0x00007ffe467a8000 	C:\WINDOWS\system32\uxtheme.dll
0x00007ffe3e060000 - 0x00007ffe3e07e000 	C:\Users\Kamil Gorecki\AppData\Local\Temp\native-platform6669229191358333848dir\native-platform.dll

VM Arguments:
jvm_args: -Xmx1536m -Dfile.encoding=windows-1250 -Duser.country=US -Duser.language=en -Duser.variant 
java_command: org.gradle.launcher.daemon.bootstrap.GradleDaemon 4.10.1
java_class_path (initial): C:\Users\Kamil Gorecki\.gradle\wrapper\dists\gradle-4.10.1-all\455itskqi2qtf0v2sja68alqd\gradle-4.10.1\lib\gradle-launcher-4.10.1.jar
Launcher Type: SUN_STANDARD

Environment Variables:
PATH=C:\Program Files (x86)\Google\Chrome\Application;K:\WINDOWS.X64_180000_db_home\bin;G:\virtual\product\12.2.0\dbhome_2\bin;G:\virtual\product\12.2.0\dbhome_1\bin;G:\Oraclei\virtual\product\12.2.0\dbhome_1\bin;C:\Program Files\Haskell\bin;G:\Haskell Platform\8.2.1\lib\extralibs\bin;G:\Haskell Platform\8.2.1\bin;C:\ProgramData\Oracle\Java\javapath;C:\WINDOWS\system32;C:\WINDOWS;C:\WINDOWS\System32\Wbem;C:\WINDOWS\System32\WindowsPowerShell\v1.0\;C:\Users\Kamil Gorecki\.dnx\bin;C:\Program Files\Microsoft DNX\Dnvm\;C:\Program Files\Microsoft SQL Server\130\Tools\Binn\;C:\Program Files\Microsoft SQL Server\120\Tools\Binn\;C:\Program Files (x86)\NVIDIA Corporation\PhysX\Common;C:\Program Files (x86)\Skype\Phone\;C:\Program Files (x86)\GtkSharp\2.12\bin;G:\Haskell Platform\8.2.1\mingw\bin;G:\Leksah\bin\;C:\Program Files (x86)\Microsoft SQL Server\Client SDK\ODBC\130\Tools\Binn\;C:\Program Files (x86)\Microsoft SQL Server\140\Tools\Binn\;C:\Program Files (x86)\Microsoft SQL Server\140\DTS\Binn\;C:\Program Files (x86)\Microsoft SQL Server\140\Tools\Binn\ManagementStudio\;C:\Program Files\Microsoft SQL Server\Client SDK\ODBC\130\Tools\Binn\;C:\Program Files\Microsoft SQL Server\140\Tools\Binn\;C:\Program Files\Microsoft SQL Server\140\DTS\Binn\;G:\MatLab\runtime\win64;G:\MatLab\bin;G:\MiKTeX 2.9\miktex\bin\x64\;C:\WINDOWS\system32;C:\WINDOWS;C:\WINDOWS\System32\Wbem;C:\WINDOWS\System32\WindowsPowerShell\v1.0\;C:\WINDOWS\System32\OpenSSH\;C:\Program Files\Git\cmd;C:\Program Files\NVIDIA Corporation\NVIDIA NvDLISR;C:\Users\Kamil Gorecki\AppData\Roaming\cabal\bin;C:\Users\Kamil Gorecki\AppData\Roaming\local\bin;G:\GNAT\2017\bin;C:\Users\Kamil Gorecki\AppData\Local\Programs\Python\Python36\Scripts\;C:\Users\Kamil Gorecki\AppData\Local\Programs\Python\Python36\;C:\Users\Kamil Gorecki\AppData\Local\Microsoft\WindowsApps;G:\Dev-Cpp\bin;;G:\Microsoft VS Code\bin
USERNAME=Kamil Gorecki
OS=Windows_NT
PROCESSOR_IDENTIFIER=Intel64 Family 6 Model 94 Stepping 3, GenuineIntel



---------------  S Y S T E M  ---------------

OS: Windows 10.0 , 64 bit Build 17134 (10.0.17134.648)

CPU:total 4 (initial active 4) (4 cores per cpu, 1 threads per core) family 6 model 94 stepping 3, cmov, cx8, fxsr, mmx, sse, sse2, sse3, ssse3, sse4.1, sse4.2, popcnt, avx, avx2, aes, clmul, erms, rtm, 3dnowpref, lzcnt, tsc, tscinvbit, bmi1, bmi2, adx

Memory: 4k page, physical 16739208k(6761904k free), swap 16755592k(59372k free)

vm_info: OpenJDK 64-Bit Server VM (25.152-b01) for windows-amd64 JRE (1.8.0_152-release-1248-b01), built by "builder" with MS VC++ 10.0 (VS2010)

time: Thu Mar 28 14:25:52 2019
elapsed time: 3507 seconds (0d 0h 58m 27s)

