#
# There is insufficient memory for the Java Runtime Environment to continue.
# Native memory allocation (malloc) failed to allocate 1296576 bytes for Chunk::new
# Possible reasons:
#   The system is out of physical RAM or swap space
#   In 32 bit mode, the process size limit was hit
# Possible solutions:
#   Reduce memory load on the system
#   Increase physical memory or swap space
#   Check if swap backing store is full
#   Use 64 bit Java on a 64 bit OS
#   Decrease Java heap size (-Xmx/-Xms)
#   Decrease number of Java threads
#   Decrease Java thread stack sizes (-Xss)
#   Set larger code cache with -XX:ReservedCodeCacheSize=
# This output file may be truncated or incomplete.
#
#  Out of Memory Error (allocation.cpp:390), pid=6996, tid=0x00000000000028f4
#
# JRE version: OpenJDK Runtime Environment (8.0_152-b01) (build 1.8.0_152-release-1248-b01)
# Java VM: OpenJDK 64-Bit Server VM (25.152-b01 mixed mode windows-amd64 compressed oops)
# Failed to write core dump. Minidumps are not enabled by default on client versions of Windows
#

---------------  T H R E A D  ---------------

Current thread (0x0000000016815000):  JavaThread "C2 CompilerThread1" daemon [_thread_in_native, id=10484, stack(0x0000000017f70000,0x0000000018070000)]

Stack: [0x0000000017f70000,0x0000000018070000]
[error occurred during error reporting (printing stack bounds), id 0xc0000005]

Native frames: (J=compiled Java code, j=interpreted, Vv=VM code, C=native code)


Current CompileTask:
C2:  18565 13112       4       com.android.tools.r8.ir.regalloc.LinearScanRegisterAllocator::allocateSingleInterval (823 bytes)


---------------  P R O C E S S  ---------------

Java Threads: ( => current thread )
  0x000000001d97d800 JavaThread "ForkJoinPool.commonPool-worker-3" daemon [_thread_in_native, id=9608, stack(0x0000000026630000,0x0000000026730000)]
  0x000000001d979800 JavaThread "ForkJoinPool.commonPool-worker-2" daemon [_thread_in_native, id=6316, stack(0x0000000026530000,0x0000000026630000)]
  0x000000001d97c800 JavaThread "ForkJoinPool.commonPool-worker-1" daemon [_thread_in_native, id=11308, stack(0x0000000026430000,0x0000000026530000)]
  0x000000001d980800 JavaThread "Cache worker for Build Output Cleanup Cache (C:\Users\Kamil Gorecki\Desktop\Semestr 6\Ubi\MoonCycle\.gradle\buildOutputCleanup)" [_thread_blocked, id=11128, stack(0x0000000023f40000,0x0000000024040000)]
  0x000000001d97b000 JavaThread "Cache worker for task history cache (C:\Users\Kamil Gorecki\Desktop\Semestr 6\Ubi\MoonCycle\.gradle\4.10.1\taskHistory)" [_thread_blocked, id=4212, stack(0x0000000023e40000,0x0000000023f40000)]
  0x000000001d97a800 JavaThread "Task worker for ':' Thread 3" [_thread_blocked, id=9044, stack(0x0000000023d40000,0x0000000023e40000)]
  0x000000001d972000 JavaThread "Task worker for ':' Thread 2" [_thread_blocked, id=6464, stack(0x0000000023c40000,0x0000000023d40000)]
  0x000000001d979000 JavaThread "Task worker for ':'" [_thread_blocked, id=4012, stack(0x0000000023b40000,0x0000000023c40000)]
  0x000000001d976800 JavaThread "Cache worker for file content cache (C:\Users\Kamil Gorecki\Desktop\Semestr 6\Ubi\MoonCycle\.gradle\4.10.1\fileContent)" [_thread_blocked, id=11484, stack(0x0000000023840000,0x0000000023940000)]
  0x000000001d975000 JavaThread "Cache worker for file content cache (C:\Users\Kamil Gorecki\.gradle\caches\4.10.1\fileContent)" [_thread_blocked, id=3760, stack(0x0000000023740000,0x0000000023840000)]
  0x000000001d971800 JavaThread "Memory manager" [_thread_blocked, id=5252, stack(0x0000000023640000,0x0000000023740000)]
  0x000000001d976000 JavaThread "pool-1-thread-1" [_thread_blocked, id=11460, stack(0x0000000022010000,0x0000000022110000)]
  0x000000001d974800 JavaThread "Build operations Thread 4" [_thread_blocked, id=8904, stack(0x0000000021b10000,0x0000000021c10000)]
  0x000000001d977800 JavaThread "Build operations Thread 3" [_thread_blocked, id=11136, stack(0x0000000021a10000,0x0000000021b10000)]
  0x000000001d973800 JavaThread "Build operations Thread 2" [_thread_blocked, id=11800, stack(0x0000000021910000,0x0000000021a10000)]
  0x000000001a31b800 JavaThread "Build operations" [_thread_blocked, id=920, stack(0x0000000021810000,0x0000000021910000)]
  0x000000001a31a800 JavaThread "Cache worker for Artifact transforms cache (C:\Users\Kamil Gorecki\.gradle\caches\transforms-1)" [_thread_blocked, id=6412, stack(0x0000000020170000,0x0000000020270000)]
  0x000000001a318800 JavaThread "Cache worker for cache directory md-rule (C:\Users\Kamil Gorecki\.gradle\caches\4.10.1\md-rule)" [_thread_blocked, id=2520, stack(0x0000000020070000,0x0000000020170000)]
  0x000000001a31a000 JavaThread "Cache worker for cache directory md-supplier (C:\Users\Kamil Gorecki\.gradle\caches\4.10.1\md-supplier)" [_thread_blocked, id=3132, stack(0x000000001e730000,0x000000001e830000)]
  0x000000001a315000 JavaThread "Cache worker for journal cache (C:\Users\Kamil Gorecki\.gradle\caches\journal-1)" [_thread_blocked, id=4020, stack(0x000000001d460000,0x000000001d560000)]
  0x000000001a319000 JavaThread "Cache worker for file hash cache (C:\Users\Kamil Gorecki\Desktop\Semestr 6\Ubi\MoonCycle\.gradle\4.10.1\fileHashes)" [_thread_blocked, id=10816, stack(0x000000001c390000,0x000000001c490000)]
  0x000000001a2eb000 JavaThread "File lock request listener" [_thread_in_native, id=3780, stack(0x000000001c290000,0x000000001c390000)]
  0x000000001a1fc800 JavaThread "Cache worker for file hash cache (C:\Users\Kamil Gorecki\.gradle\caches\4.10.1\fileHashes)" [_thread_blocked, id=9668, stack(0x000000001c190000,0x000000001c290000)]
  0x00000000193f2800 JavaThread "Stdin handler" [_thread_blocked, id=12200, stack(0x000000001be90000,0x000000001bf90000)]
  0x0000000019a44000 JavaThread "Asynchronous log dispatcher for DefaultDaemonConnection: socket connection from /127.0.0.1:55495 to /127.0.0.1:55496" [_thread_blocked, id=10628, stack(0x000000001bd90000,0x000000001be90000)]
  0x000000001944f000 JavaThread "Daemon worker" [_thread_blocked, id=8784, stack(0x000000001ba90000,0x000000001bb90000)]
  0x000000001944e800 JavaThread "Cancel handler" [_thread_blocked, id=8940, stack(0x000000001b990000,0x000000001ba90000)]
  0x0000000019a27800 JavaThread "Handler for socket connection from /127.0.0.1:55495 to /127.0.0.1:55496" [_thread_in_native, id=7556, stack(0x000000001b890000,0x000000001b990000)]
  0x0000000019a26800 JavaThread "Daemon" [_thread_blocked, id=2492, stack(0x000000001b790000,0x000000001b890000)]
  0x0000000019fec800 JavaThread "Daemon periodic checks" [_thread_blocked, id=12036, stack(0x000000001b690000,0x000000001b790000)]
  0x000000001916e800 JavaThread "Incoming local TCP Connector on port 55495" [_thread_in_native, id=2644, stack(0x000000001b450000,0x000000001b550000)]
  0x0000000018198800 JavaThread "Service Thread" daemon [_thread_blocked, id=6460, stack(0x0000000018570000,0x0000000018670000)]
  0x0000000016816000 JavaThread "C1 CompilerThread2" daemon [_thread_blocked, id=7620, stack(0x0000000018070000,0x0000000018170000)]
=>0x0000000016815000 JavaThread "C2 CompilerThread1" daemon [_thread_in_native, id=10484, stack(0x0000000017f70000,0x0000000018070000)]
  0x000000001680f800 JavaThread "C2 CompilerThread0" daemon [_thread_in_native, id=11320, stack(0x0000000017e70000,0x0000000017f70000)]
  0x000000001680e000 JavaThread "Attach Listener" daemon [_thread_blocked, id=528, stack(0x0000000017d70000,0x0000000017e70000)]
  0x000000001680c800 JavaThread "Signal Dispatcher" daemon [_thread_blocked, id=7324, stack(0x0000000017c70000,0x0000000017d70000)]
  0x0000000002e9a000 JavaThread "Finalizer" daemon [_thread_blocked, id=12812, stack(0x0000000017a80000,0x0000000017b80000)]
  0x0000000002e91000 JavaThread "Reference Handler" daemon [_thread_blocked, id=9344, stack(0x0000000017980000,0x0000000017a80000)]
  0x0000000002da2800 JavaThread "main" [_thread_blocked, id=10876, stack(0x0000000002c60000,0x0000000002d60000)]

Other Threads:
  0x00000000167d6000 VMThread [stack: 0x0000000017880000,0x0000000017980000] [id=11216]
  0x000000001686d800 WatcherThread [stack: 0x0000000018670000,0x0000000018770000] [id=2604]

VM state:not at safepoint (normal execution)

VM Mutex/Monitor currently owned by a thread: None

Heap:
 PSYoungGen      total 329216K, used 103752K [0x00000000e0000000, 0x00000000f8780000, 0x0000000100000000)
  eden space 306688K, 28% used [0x00000000e0000000,0x00000000e566f4e0,0x00000000f2b80000)
  from space 22528K, 67% used [0x00000000f2b80000,0x00000000f3a62b48,0x00000000f4180000)
  to   space 25088K, 0% used [0x00000000f6f00000,0x00000000f6f00000,0x00000000f8780000)
 ParOldGen       total 206848K, used 35809K [0x00000000a0000000, 0x00000000aca00000, 0x00000000e0000000)
  object space 206848K, 17% used [0x00000000a0000000,0x00000000a22f86c8,0x00000000aca00000)
 Metaspace       used 74990K, capacity 77820K, committed 77872K, reserved 1116160K
  class space    used 9924K, capacity 10529K, committed 10544K, reserved 1048576K

Card table byte_map: [0x0000000012260000,0x0000000012570000] byte_map_base: 0x0000000011d60000

Marking Bits: (ParMarkBitMap*) 0x0000000060f35aa0
 Begin Bits: [0x0000000012b70000, 0x0000000014370000)
 End Bits:   [0x0000000014370000, 0x0000000015b70000)

Polling page: 0x0000000000e60000

CodeCache: size=245760Kb used=35998Kb max_used=36020Kb free=209761Kb
 bounds [0x0000000002ea0000, 0x0000000005210000, 0x0000000011ea0000]
 total_blobs=12037 nmethods=11209 adapters=738
 compilation: enabled

Compilation events (10 events):
Event: 18.349 Thread 0x0000000016816000 13142       2       com.android.tools.r8.ir.code.Div::<init> (10 bytes)
Event: 18.349 Thread 0x0000000016816000 nmethod 13142 0x0000000004cbd510 code [0x0000000004cbd680, 0x0000000004cbd7e8]
Event: 18.369 Thread 0x0000000016816000 13144       2       java.io.StringWriter::write (11 bytes)
Event: 18.369 Thread 0x0000000016816000 nmethod 13144 0x0000000004cbca10 code [0x0000000004cbcba0, 0x0000000004cbd0b8]
Event: 18.373 Thread 0x0000000016815000 nmethod 13133 0x0000000004f64110 code [0x0000000004f64720, 0x0000000004f68308]
Event: 18.374 Thread 0x0000000016815000 13140       4       java.util.TimSort::sort (229 bytes)
Event: 18.419 Thread 0x0000000016816000 13145       2       java.util.Spliterators$IteratorSpliterator::forEachRemaining (58 bytes)
Event: 18.419 Thread 0x0000000016816000 nmethod 13145 0x0000000004a78490 code [0x0000000004a78620, 0x0000000004a788d8]
Event: 18.423 Thread 0x0000000016815000 nmethod 13140 0x0000000004c6fdd0 code [0x0000000004c70000, 0x0000000004c72a08]
Event: 18.423 Thread 0x0000000016815000 13112       4       com.android.tools.r8.ir.regalloc.LinearScanRegisterAllocator::allocateSingleInterval (823 bytes)

GC Heap History (10 events):
Event: 15.111 GC heap before
{Heap before GC invocations=16 (full 3):
 PSYoungGen      total 329728K, used 322647K [0x00000000e0000000, 0x00000000f6500000, 0x0000000100000000)
  eden space 306688K, 100% used [0x00000000e0000000,0x00000000f2b80000,0x00000000f2b80000)
  from space 23040K, 69% used [0x00000000f4180000,0x00000000f5115f38,0x00000000f5800000)
  to   space 22528K, 0% used [0x00000000f2b80000,0x00000000f2b80000,0x00000000f4180000)
 ParOldGen       total 206848K, used 35596K [0x00000000a0000000, 0x00000000aca00000, 0x00000000e0000000)
  object space 206848K, 17% used [0x00000000a0000000,0x00000000a22c33f8,0x00000000aca00000)
 Metaspace       used 74722K, capacity 77598K, committed 77616K, reserved 1116160K
  class space    used 9923K, capacity 10528K, committed 10544K, reserved 1048576K
Event: 15.122 GC heap after
Heap after GC invocations=16 (full 3):
 PSYoungGen      total 329216K, used 15027K [0x00000000e0000000, 0x00000000f6500000, 0x0000000100000000)
  eden space 306688K, 0% used [0x00000000e0000000,0x00000000e0000000,0x00000000f2b80000)
  from space 22528K, 66% used [0x00000000f2b80000,0x00000000f3a2cc10,0x00000000f4180000)
  to   space 23040K, 0% used [0x00000000f4180000,0x00000000f4180000,0x00000000f5800000)
 ParOldGen       total 206848K, used 35604K [0x00000000a0000000, 0x00000000aca00000, 0x00000000e0000000)
  object space 206848K, 17% used [0x00000000a0000000,0x00000000a22c53f8,0x00000000aca00000)
 Metaspace       used 74722K, capacity 77598K, committed 77616K, reserved 1116160K
  class space    used 9923K, capacity 10528K, committed 10544K, reserved 1048576K
}
Event: 15.972 GC heap before
{Heap before GC invocations=17 (full 3):
 PSYoungGen      total 329216K, used 321715K [0x00000000e0000000, 0x00000000f6500000, 0x0000000100000000)
  eden space 306688K, 100% used [0x00000000e0000000,0x00000000f2b80000,0x00000000f2b80000)
  from space 22528K, 66% used [0x00000000f2b80000,0x00000000f3a2cc10,0x00000000f4180000)
  to   space 23040K, 0% used [0x00000000f4180000,0x00000000f4180000,0x00000000f5800000)
 ParOldGen       total 206848K, used 35604K [0x00000000a0000000, 0x00000000aca00000, 0x00000000e0000000)
  object space 206848K, 17% used [0x00000000a0000000,0x00000000a22c53f8,0x00000000aca00000)
 Metaspace       used 74822K, capacity 77678K, committed 77872K, reserved 1116160K
  class space    used 9923K, capacity 10528K, committed 10544K, reserved 1048576K
Event: 15.986 GC heap after
Heap after GC invocations=17 (full 3):
 PSYoungGen      total 329728K, used 20079K [0x00000000e0000000, 0x00000000f6500000, 0x0000000100000000)
  eden space 306688K, 0% used [0x00000000e0000000,0x00000000e0000000,0x00000000f2b80000)
  from space 23040K, 87% used [0x00000000f4180000,0x00000000f551bde0,0x00000000f5800000)
  to   space 22528K, 0% used [0x00000000f2b80000,0x00000000f2b80000,0x00000000f4180000)
 ParOldGen       total 206848K, used 35612K [0x00000000a0000000, 0x00000000aca00000, 0x00000000e0000000)
  object space 206848K, 17% used [0x00000000a0000000,0x00000000a22c73f8,0x00000000aca00000)
 Metaspace       used 74822K, capacity 77678K, committed 77872K, reserved 1116160K
  class space    used 9923K, capacity 10528K, committed 10544K, reserved 1048576K
}
Event: 16.636 GC heap before
{Heap before GC invocations=18 (full 3):
 PSYoungGen      total 329728K, used 326767K [0x00000000e0000000, 0x00000000f6500000, 0x0000000100000000)
  eden space 306688K, 100% used [0x00000000e0000000,0x00000000f2b80000,0x00000000f2b80000)
  from space 23040K, 87% used [0x00000000f4180000,0x00000000f551bde0,0x00000000f5800000)
  to   space 22528K, 0% used [0x00000000f2b80000,0x00000000f2b80000,0x00000000f4180000)
 ParOldGen       total 206848K, used 35612K [0x00000000a0000000, 0x00000000aca00000, 0x00000000e0000000)
  object space 206848K, 17% used [0x00000000a0000000,0x00000000a22c73f8,0x00000000aca00000)
 Metaspace       used 74858K, capacity 77752K, committed 77872K, reserved 1116160K
  class space    used 9924K, capacity 10529K, committed 10544K, reserved 1048576K
Event: 16.649 GC heap after
Heap after GC invocations=18 (full 3):
 PSYoungGen      total 329216K, used 19884K [0x00000000e0000000, 0x00000000f6500000, 0x0000000100000000)
  eden space 306688K, 0% used [0x00000000e0000000,0x00000000e0000000,0x00000000f2b80000)
  from space 22528K, 88% used [0x00000000f2b80000,0x00000000f3eeb190,0x00000000f4180000)
  to   space 23040K, 0% used [0x00000000f4180000,0x00000000f4180000,0x00000000f5800000)
 ParOldGen       total 206848K, used 35620K [0x00000000a0000000, 0x00000000aca00000, 0x00000000e0000000)
  object space 206848K, 17% used [0x00000000a0000000,0x00000000a22c93f8,0x00000000aca00000)
 Metaspace       used 74858K, capacity 77752K, committed 77872K, reserved 1116160K
  class space    used 9924K, capacity 10529K, committed 10544K, reserved 1048576K
}
Event: 17.192 GC heap before
{Heap before GC invocations=19 (full 3):
 PSYoungGen      total 329216K, used 326572K [0x00000000e0000000, 0x00000000f6500000, 0x0000000100000000)
  eden space 306688K, 100% used [0x00000000e0000000,0x00000000f2b80000,0x00000000f2b80000)
  from space 22528K, 88% used [0x00000000f2b80000,0x00000000f3eeb190,0x00000000f4180000)
  to   space 23040K, 0% used [0x00000000f4180000,0x00000000f4180000,0x00000000f5800000)
 ParOldGen       total 206848K, used 35791K [0x00000000a0000000, 0x00000000aca00000, 0x00000000e0000000)
  object space 206848K, 17% used [0x00000000a0000000,0x00000000a22f3e68,0x00000000aca00000)
 Metaspace       used 74894K, capacity 77756K, committed 77872K, reserved 1116160K
  class space    used 9924K, capacity 10529K, committed 10544K, reserved 1048576K
Event: 17.203 GC heap after
Heap after GC invocations=19 (full 3):
 PSYoungGen      total 329728K, used 16231K [0x00000000e0000000, 0x00000000f6500000, 0x0000000100000000)
  eden space 306688K, 0% used [0x00000000e0000000,0x00000000e0000000,0x00000000f2b80000)
  from space 23040K, 70% used [0x00000000f4180000,0x00000000f5159e20,0x00000000f5800000)
  to   space 22528K, 0% used [0x00000000f2b80000,0x00000000f2b80000,0x00000000f4180000)
 ParOldGen       total 206848K, used 35799K [0x00000000a0000000, 0x00000000aca00000, 0x00000000e0000000)
  object space 206848K, 17% used [0x00000000a0000000,0x00000000a22f5e68,0x00000000aca00000)
 Metaspace       used 74894K, capacity 77756K, committed 77872K, reserved 1116160K
  class space    used 9924K, capacity 10529K, committed 10544K, reserved 1048576K
}
Event: 18.077 GC heap before
{Heap before GC invocations=20 (full 3):
 PSYoungGen      total 329728K, used 322919K [0x00000000e0000000, 0x00000000f6500000, 0x0000000100000000)
  eden space 306688K, 100% used [0x00000000e0000000,0x00000000f2b80000,0x00000000f2b80000)
  from space 23040K, 70% used [0x00000000f4180000,0x00000000f5159e20,0x00000000f5800000)
  to   space 22528K, 0% used [0x00000000f2b80000,0x00000000f2b80000,0x00000000f4180000)
 ParOldGen       total 206848K, used 35801K [0x00000000a0000000, 0x00000000aca00000, 0x00000000e0000000)
  object space 206848K, 17% used [0x00000000a0000000,0x00000000a22f66c8,0x00000000aca00000)
 Metaspace       used 74967K, capacity 77820K, committed 77872K, reserved 1116160K
  class space    used 9924K, capacity 10529K, committed 10544K, reserved 1048576K
Event: 18.092 GC heap after
Heap after GC invocations=20 (full 3):
 PSYoungGen      total 329216K, used 15242K [0x00000000e0000000, 0x00000000f8780000, 0x0000000100000000)
  eden space 306688K, 0% used [0x00000000e0000000,0x00000000e0000000,0x00000000f2b80000)
  from space 22528K, 67% used [0x00000000f2b80000,0x00000000f3a62b48,0x00000000f4180000)
  to   space 25088K, 0% used [0x00000000f6f00000,0x00000000f6f00000,0x00000000f8780000)
 ParOldGen       total 206848K, used 35809K [0x00000000a0000000, 0x00000000aca00000, 0x00000000e0000000)
  object space 206848K, 17% used [0x00000000a0000000,0x00000000a22f86c8,0x00000000aca00000)
 Metaspace       used 74967K, capacity 77820K, committed 77872K, reserved 1116160K
  class space    used 9924K, capacity 10529K, committed 10544K, reserved 1048576K
}

Deoptimization events (10 events):
Event: 17.287 Thread 0x000000001d97d800 Uncommon trap: reason=bimorphic action=maybe_recompile pc=0x00000000051e3478 method=com.android.tools.r8.ir.analysis.constant.SparseConditionalConstantPropagation.visitInstruction(Lcom/android/tools/r8/ir/code/Instruction;)V @ 40
Event: 17.288 Thread 0x000000001d97d800 Uncommon trap: reason=bimorphic action=maybe_recompile pc=0x00000000051e3478 method=com.android.tools.r8.ir.analysis.constant.SparseConditionalConstantPropagation.visitInstruction(Lcom/android/tools/r8/ir/code/Instruction;)V @ 40
Event: 17.290 Thread 0x000000001d97d800 Uncommon trap: reason=bimorphic action=maybe_recompile pc=0x00000000051e3478 method=com.android.tools.r8.ir.analysis.constant.SparseConditionalConstantPropagation.visitInstruction(Lcom/android/tools/r8/ir/code/Instruction;)V @ 40
Event: 17.292 Thread 0x000000001d97d800 Uncommon trap: reason=bimorphic action=maybe_recompile pc=0x00000000051e3478 method=com.android.tools.r8.ir.analysis.constant.SparseConditionalConstantPropagation.visitInstruction(Lcom/android/tools/r8/ir/code/Instruction;)V @ 40
Event: 17.488 Thread 0x000000001d97d800 Uncommon trap: reason=unstable_if action=reinterpret pc=0x00000000044b5e20 method=com.android.tools.r8.dex.DexOutputBuffer.ensureSpaceFor(I)V @ 8
Event: 18.044 Thread 0x000000001d97d800 Uncommon trap: reason=predicate action=maybe_recompile pc=0x0000000004a7d93c method=java.util.TimSort.reverseRange([Ljava/lang/Object;II)V @ 8
Event: 18.273 Thread 0x000000001d97c800 Uncommon trap: reason=array_check action=maybe_recompile pc=0x0000000004cbfb48 method=java.util.TimSort.reverseRange([Ljava/lang/Object;II)V @ 20
Event: 18.273 Thread 0x000000001d97c800 Uncommon trap: reason=array_check action=maybe_recompile pc=0x0000000004cbfb48 method=java.util.TimSort.reverseRange([Ljava/lang/Object;II)V @ 20
Event: 18.273 Thread 0x000000001d97c800 Uncommon trap: reason=array_check action=maybe_recompile pc=0x0000000004cbfb48 method=java.util.TimSort.reverseRange([Ljava/lang/Object;II)V @ 20
Event: 18.274 Thread 0x000000001d97c800 Uncommon trap: reason=array_check action=maybe_recompile pc=0x0000000004cbfb48 method=java.util.TimSort.reverseRange([Ljava/lang/Object;II)V @ 20

Classes redefined (0 events):
No events

Internal exceptions (10 events):
Event: 12.299 Thread 0x000000001d972000 Exception <a 'sun/nio/fs/WindowsException'> (0x00000000e9885420) thrown at [D:\src\AOSP-openjdk-cygwin\jdk8u\hotspot\src\share\vm\prims\jni.cpp, line 709]
Event: 12.299 Thread 0x000000001d972000 Exception <a 'sun/nio/fs/WindowsException'> (0x00000000e9885fc0) thrown at [D:\src\AOSP-openjdk-cygwin\jdk8u\hotspot\src\share\vm\prims\jni.cpp, line 709]
Event: 12.299 Thread 0x000000001d972000 Exception <a 'sun/nio/fs/WindowsException'> (0x00000000e9887530) thrown at [D:\src\AOSP-openjdk-cygwin\jdk8u\hotspot\src\share\vm\prims\jni.cpp, line 709]
Event: 12.302 Thread 0x000000001d972000 Exception <a 'sun/nio/fs/WindowsException'> (0x00000000e98c19f8) thrown at [D:\src\AOSP-openjdk-cygwin\jdk8u\hotspot\src\share\vm\prims\jni.cpp, line 709]
Event: 12.302 Thread 0x000000001d972000 Exception <a 'sun/nio/fs/WindowsException'> (0x00000000e98c2598) thrown at [D:\src\AOSP-openjdk-cygwin\jdk8u\hotspot\src\share\vm\prims\jni.cpp, line 709]
Event: 12.303 Thread 0x000000001d972000 Exception <a 'sun/nio/fs/WindowsException'> (0x00000000e98c3b08) thrown at [D:\src\AOSP-openjdk-cygwin\jdk8u\hotspot\src\share\vm\prims\jni.cpp, line 709]
Event: 12.611 Thread 0x000000001d979800 Exception <a 'java/lang/NoSuchMethodError': java.lang.Object.lambda$comparingInt$7b0bb60$1(Ljava/util/function/ToIntFunction;Ljava/lang/Object;Ljava/lang/Object;)I> (0x00000000ea8637a8) thrown at [D:\src\AOSP-openjdk-cygwin\jdk8u\hotspot\src\share\vm\inte
Event: 12.611 Thread 0x000000001d97d800 Exception <a 'java/lang/NoSuchMethodError': java.lang.Object.lambda$comparingInt$7b0bb60$1(Ljava/util/function/ToIntFunction;Ljava/lang/Object;Ljava/lang/Object;)I> (0x00000000ea970490) thrown at [D:\src\AOSP-openjdk-cygwin\jdk8u\hotspot\src\share\vm\inte
Event: 13.436 Thread 0x000000001d97c800 Implicit null exception at 0x000000000408b78a to 0x000000000408b81d
Event: 14.970 Thread 0x000000001d97c800 Implicit null exception at 0x0000000004f4385c to 0x0000000004f46281

Events (10 events):
Event: 18.273 Thread 0x000000001d97c800 Uncommon trap: trap_request=0xffffffd6 fr.pc=0x0000000004cbfb48
Event: 18.273 Thread 0x000000001d97c800 DEOPT PACKING pc=0x0000000004cbfb48 sp=0x000000002652e5d0
Event: 18.273 Thread 0x000000001d97c800 DEOPT UNPACKING pc=0x0000000002ee557b sp=0x000000002652e4c0 mode 2
Event: 18.274 Thread 0x000000001d97c800 Uncommon trap: trap_request=0xffffffd6 fr.pc=0x0000000004cbfb48
Event: 18.274 Thread 0x000000001d97c800 DEOPT PACKING pc=0x0000000004cbfb48 sp=0x000000002652e130
Event: 18.274 Thread 0x000000001d97c800 DEOPT UNPACKING pc=0x0000000002ee557b sp=0x000000002652e020 mode 2
Event: 18.351 Thread 0x000000001d979800 DEOPT PACKING pc=0x00000000048ef918 sp=0x000000002662da90
Event: 18.351 Thread 0x000000001d979800 DEOPT UNPACKING pc=0x0000000002ee75d0 sp=0x000000002662d950 mode 0
Event: 18.364 Thread 0x000000001d979800 DEOPT PACKING pc=0x0000000004945500 sp=0x000000002662d950
Event: 18.364 Thread 0x000000001d979800 DEOPT UNPACKING pc=0x0000000002ee75d0 sp=0x000000002662d748 mode 0


Dynamic libraries:
0x00007ff633590000 - 0x00007ff6335c1000 	G:\Android\Android Studio\jre\bin\java.exe
0x00007ffe4c2c0000 - 0x00007ffe4c4a1000 	C:\WINDOWS\SYSTEM32\ntdll.dll
0x00007ffe4ba20000 - 0x00007ffe4bad2000 	C:\WINDOWS\System32\KERNEL32.DLL
0x00007ffe48dc0000 - 0x00007ffe49033000 	C:\WINDOWS\System32\KERNELBASE.dll
0x00007ffe4b1c0000 - 0x00007ffe4b261000 	C:\WINDOWS\System32\ADVAPI32.dll
0x00007ffe49750000 - 0x00007ffe497ee000 	C:\WINDOWS\System32\msvcrt.dll
0x00007ffe49b20000 - 0x00007ffe49b7b000 	C:\WINDOWS\System32\sechost.dll
0x00007ffe4b750000 - 0x00007ffe4b874000 	C:\WINDOWS\System32\RPCRT4.dll
0x00007ffe4bae0000 - 0x00007ffe4bc70000 	C:\WINDOWS\System32\USER32.dll
0x00007ffe48da0000 - 0x00007ffe48dc0000 	C:\WINDOWS\System32\win32u.dll
0x00007ffe49b80000 - 0x00007ffe49ba8000 	C:\WINDOWS\System32\GDI32.dll
0x00007ffe48c00000 - 0x00007ffe48d92000 	C:\WINDOWS\System32\gdi32full.dll
0x00007ffe48b60000 - 0x00007ffe48bff000 	C:\WINDOWS\System32\msvcp_win.dll
0x00007ffe48690000 - 0x00007ffe48788000 	C:\WINDOWS\System32\ucrtbase.dll
0x00007ffe3d4f0000 - 0x00007ffe3d759000 	C:\WINDOWS\WinSxS\amd64_microsoft.windows.common-controls_6595b64144ccf1df_6.0.17134.648_none_fb45a0e93062a6d2\COMCTL32.dll
0x00007ffe497f0000 - 0x00007ffe49b12000 	C:\WINDOWS\System32\combase.dll
0x00007ffe48790000 - 0x00007ffe4880a000 	C:\WINDOWS\System32\bcryptPrimitives.dll
0x00007ffe4b280000 - 0x00007ffe4b2ad000 	C:\WINDOWS\System32\IMM32.DLL
0x0000000060690000 - 0x0000000060762000 	G:\Android\Android Studio\jre\jre\bin\msvcr100.dll
0x0000000060770000 - 0x0000000060fb1000 	G:\Android\Android Studio\jre\jre\bin\server\jvm.dll
0x00007ffe4b270000 - 0x00007ffe4b278000 	C:\WINDOWS\System32\PSAPI.DLL
0x00007ffe43b30000 - 0x00007ffe43b3a000 	C:\WINDOWS\SYSTEM32\VERSION.dll
0x00007ffe371b0000 - 0x00007ffe371b9000 	C:\WINDOWS\SYSTEM32\WSOCK32.dll
0x00007ffe45070000 - 0x00007ffe45093000 	C:\WINDOWS\SYSTEM32\WINMM.dll
0x00007ffe4b5d0000 - 0x00007ffe4b63c000 	C:\WINDOWS\System32\WS2_32.dll
0x00007ffe45040000 - 0x00007ffe4506a000 	C:\WINDOWS\SYSTEM32\winmmbase.dll
0x00007ffe488c0000 - 0x00007ffe48909000 	C:\WINDOWS\System32\cfgmgr32.dll
0x00007ffe411a0000 - 0x00007ffe411af000 	G:\Android\Android Studio\jre\jre\bin\verify.dll
0x00007ffe3fcf0000 - 0x00007ffe3fd19000 	G:\Android\Android Studio\jre\jre\bin\java.dll
0x00007ffe3d1c0000 - 0x00007ffe3d1d6000 	G:\Android\Android Studio\jre\jre\bin\zip.dll
0x00007ffe49c20000 - 0x00007ffe4b060000 	C:\WINDOWS\System32\SHELL32.dll
0x00007ffe4b640000 - 0x00007ffe4b6e9000 	C:\WINDOWS\System32\shcore.dll
0x00007ffe49040000 - 0x00007ffe4974d000 	C:\WINDOWS\System32\windows.storage.dll
0x00007ffe49bb0000 - 0x00007ffe49c01000 	C:\WINDOWS\System32\shlwapi.dll
0x00007ffe48650000 - 0x00007ffe48661000 	C:\WINDOWS\System32\kernel.appcore.dll
0x00007ffe48670000 - 0x00007ffe4868f000 	C:\WINDOWS\System32\profapi.dll
0x00007ffe48600000 - 0x00007ffe4864c000 	C:\WINDOWS\System32\powrprof.dll
0x00007ffe485d0000 - 0x00007ffe485da000 	C:\WINDOWS\System32\FLTLIB.DLL
0x00007ffe3d1a0000 - 0x00007ffe3d1ba000 	G:\Android\Android Studio\jre\jre\bin\net.dll
0x00007ffe47e50000 - 0x00007ffe47eb6000 	C:\WINDOWS\system32\mswsock.dll
0x00007ffe3d180000 - 0x00007ffe3d191000 	G:\Android\Android Studio\jre\jre\bin\nio.dll
0x00007ffe44f70000 - 0x00007ffe44f8e000 	C:\Users\Kamil Gorecki\.gradle\native\25\windows-amd64\native-platform.dll
0x00007ffe40400000 - 0x00007ffe4040d000 	G:\Android\Android Studio\jre\jre\bin\management.dll
0x00007ffe48010000 - 0x00007ffe48027000 	C:\WINDOWS\SYSTEM32\CRYPTSP.dll
0x00007ffe47a30000 - 0x00007ffe47a63000 	C:\WINDOWS\system32\rsaenh.dll
0x00007ffe48130000 - 0x00007ffe48155000 	C:\WINDOWS\SYSTEM32\bcrypt.dll
0x00007ffe484d0000 - 0x00007ffe484f8000 	C:\WINDOWS\SYSTEM32\USERENV.dll
0x00007ffe48000000 - 0x00007ffe4800b000 	C:\WINDOWS\SYSTEM32\CRYPTBASE.dll
0x00007ffe47bd0000 - 0x00007ffe47c08000 	C:\WINDOWS\SYSTEM32\IPHLPAPI.DLL
0x00007ffe4b540000 - 0x00007ffe4b548000 	C:\WINDOWS\System32\NSI.dll
0x00007ffe42160000 - 0x00007ffe42176000 	C:\WINDOWS\SYSTEM32\dhcpcsvc6.DLL
0x00007ffe42090000 - 0x00007ffe420aa000 	C:\WINDOWS\SYSTEM32\dhcpcsvc.DLL

VM Arguments:
jvm_args: -Xmx1536m -Dfile.encoding=windows-1250 -Duser.country=US -Duser.language=en -Duser.variant 
java_command: org.gradle.launcher.daemon.bootstrap.GradleDaemon 4.10.1
java_class_path (initial): C:\Users\Kamil Gorecki\.gradle\wrapper\dists\gradle-4.10.1-all\455itskqi2qtf0v2sja68alqd\gradle-4.10.1\lib\gradle-launcher-4.10.1.jar
Launcher Type: SUN_STANDARD

Environment Variables:
PATH=C:\Program Files (x86)\Google\Chrome\Application;K:\WINDOWS.X64_180000_db_home\bin;G:\virtual\product\12.2.0\dbhome_2\bin;G:\virtual\product\12.2.0\dbhome_1\bin;G:\Oraclei\virtual\product\12.2.0\dbhome_1\bin;C:\Program Files\Haskell\bin;G:\Haskell Platform\8.2.1\lib\extralibs\bin;G:\Haskell Platform\8.2.1\bin;C:\ProgramData\Oracle\Java\javapath;C:\WINDOWS\system32;C:\WINDOWS;C:\WINDOWS\System32\Wbem;C:\WINDOWS\System32\WindowsPowerShell\v1.0\;C:\Users\Kamil Gorecki\.dnx\bin;C:\Program Files\Microsoft DNX\Dnvm\;C:\Program Files\Microsoft SQL Server\130\Tools\Binn\;C:\Program Files\Microsoft SQL Server\120\Tools\Binn\;C:\Program Files (x86)\NVIDIA Corporation\PhysX\Common;C:\Program Files (x86)\Skype\Phone\;C:\Program Files (x86)\GtkSharp\2.12\bin;G:\Haskell Platform\8.2.1\mingw\bin;G:\Leksah\bin\;C:\Program Files (x86)\Microsoft SQL Server\Client SDK\ODBC\130\Tools\Binn\;C:\Program Files (x86)\Microsoft SQL Server\140\Tools\Binn\;C:\Program Files (x86)\Microsoft SQL Server\140\DTS\Binn\;C:\Program Files (x86)\Microsoft SQL Server\140\Tools\Binn\ManagementStudio\;C:\Program Files\Microsoft SQL Server\Client SDK\ODBC\130\Tools\Binn\;C:\Program Files\Microsoft SQL Server\140\Tools\Binn\;C:\Program Files\Microsoft SQL Server\140\DTS\Binn\;G:\MatLab\runtime\win64;G:\MatLab\bin;G:\MiKTeX 2.9\miktex\bin\x64\;C:\WINDOWS\system32;C:\WINDOWS;C:\WINDOWS\System32\Wbem;C:\WINDOWS\System32\WindowsPowerShell\v1.0\;C:\WINDOWS\System32\OpenSSH\;C:\Program Files\Git\cmd;C:\Program Files\NVIDIA Corporation\NVIDIA NvDLISR;C:\Users\Kamil Gorecki\AppData\Roaming\cabal\bin;C:\Users\Kamil Gorecki\AppData\Roaming\local\bin;G:\GNAT\2017\bin;C:\Users\Kamil Gorecki\AppData\Local\Programs\Python\Python36\Scripts\;C:\Users\Kamil Gorecki\AppData\Local\Programs\Python\Python36\;C:\Users\Kamil Gorecki\AppData\Local\Microsoft\WindowsApps;G:\Dev-Cpp\bin;;G:\Microsoft VS Code\bin
USERNAME=Kamil Gorecki
OS=Windows_NT
PROCESSOR_IDENTIFIER=Intel64 Family 6 Model 94 Stepping 3, GenuineIntel



---------------  S Y S T E M  ---------------

OS: Windows 10.0 , 64 bit Build 17134 (10.0.17134.648)

CPU:total 4 (initial active 4) (4 cores per cpu, 1 threads per core) family 6 model 94 stepping 3, cmov, cx8, fxsr, mmx, sse, sse2, sse3, ssse3, sse4.1, sse4.2, popcnt, avx, avx2, aes, clmul, erms, rtm, 3dnowpref, lzcnt, tsc, tscinvbit, bmi1, bmi2, adx

Memory: 4k page, physical 16739208k(6797592k free), swap 16755592k(5764k free)

vm_info: OpenJDK 64-Bit Server VM (25.152-b01) for windows-amd64 JRE (1.8.0_152-release-1248-b01), built by "builder" with MS VC++ 10.0 (VS2010)

time: Thu Mar 28 14:26:47 2019
elapsed time: 18 seconds (0d 0h 0m 18s)

